\BOOKMARK [0][-]{chapter*.1}{Selbst\344ndigkeitserkl\344rung}{}% 1
\BOOKMARK [0][-]{chapter*.2}{Abk\374rzungsverzeichnis}{}% 2
\BOOKMARK [0][-]{chapter.1}{Einleitung}{}% 3
\BOOKMARK [1][-]{section.1.1}{Motivation}{chapter.1}% 4
\BOOKMARK [1][-]{section.1.2}{Zielstellung}{chapter.1}% 5
\BOOKMARK [0][-]{chapter.2}{Pr\344zisierung der Aufgabenstellung}{}% 6
\BOOKMARK [1][-]{section.2.1}{Anwendungsf\344lle}{chapter.2}% 7
\BOOKMARK [1][-]{section.2.2}{Anforderungen}{chapter.2}% 8
\BOOKMARK [1][-]{section.2.3}{Testszenarien}{chapter.2}% 9
\BOOKMARK [0][-]{chapter.3}{Entwurf}{}% 10
\BOOKMARK [1][-]{section.3.1}{Konzept}{chapter.3}% 11
\BOOKMARK [1][-]{section.3.2}{Datenbehandlung}{chapter.3}% 12
\BOOKMARK [2][-]{subsection.3.2.1}{Datenstruktur}{section.3.2}% 13
\BOOKMARK [2][-]{subsection.3.2.2}{Dateibehandlung}{section.3.2}% 14
\BOOKMARK [2][-]{subsection.3.2.3}{Speichermanagement}{section.3.2}% 15
\BOOKMARK [1][-]{section.3.3}{Benutzerf\374rung}{chapter.3}% 16
\BOOKMARK [2][-]{subsection.3.3.1}{GUI}{section.3.3}% 17
\BOOKMARK [2][-]{subsection.3.3.2}{Datenvisualisierung}{section.3.3}% 18
\BOOKMARK [0][-]{chapter.4}{Realisierung}{}% 19
\BOOKMARK [0][-]{chapter.5}{Ergebnisse}{}% 20
\BOOKMARK [1][-]{section.5.1}{Erf\374llung der Anforderungen}{chapter.5}% 21
\BOOKMARK [1][-]{section.5.2}{Evaluation der Nutzeroberfl\344che}{chapter.5}% 22
\BOOKMARK [0][-]{chapter.6}{Diskussion}{}% 23
\BOOKMARK [1][-]{section.6.1}{Bewertung der Evaluation}{chapter.6}% 24
\BOOKMARK [1][-]{section.6.2}{Ausblick}{chapter.6}% 25
\BOOKMARK [1][-]{section.6.3}{Grenzen}{chapter.6}% 26
\BOOKMARK [0][-]{section.6.3}{Tabellenverzeichnis}{}% 27
\BOOKMARK [0][-]{chapter*.5}{Abbildungsverzeichnis}{}% 28
\BOOKMARK [0][-]{chapter*.6}{Literaturverzeichnis}{}% 29
\BOOKMARK [0][-]{appendix.A}{UML Dokumentation}{}% 30
\BOOKMARK [0][-]{appendix.B}{Daten CD}{}% 31
